<?xml version="1.0" encoding="UTF-8"?>
<testsuite xmlns:xsi="http://www.w3.org/2001/XMLSchema-instance" xsi:noNamespaceSchemaLocation="https://maven.apache.org/surefire/maven-failsafe-plugin/xsd/failsafe-test-report.xsd" version="3.0.2" name="ProductFinderServiceIT" time="0.861" tests="2" errors="0" skipped="0" failures="0">
  <properties>
[...]
</properties>
  <testcase name="findProductDetails_validId_returnsProduct" classname="ProductFinderServiceIT" time="0.718"/>
  <testcase name="findProductDetails_invalidId_returnsEmptyOptional" classname="ProductFinderServiceIT" time="0.123"/>
</testsuite>