<?xml version="1.0" encoding="UTF-8"?>
<testsuite xmlns:xsi="http://www.w3.org/2001/XMLSchema-instance" xsi:noNamespaceSchemaLocation="https://maven.apache.org/surefire/maven-surefire-plugin/xsd/surefire-test-report-3.0.xsd" version="3.0" name="com.example.CucumberTest" time="0.195" tests="3" errors="0" skipped="0" failures="0">
  <properties>
[...]
</properties>
  <testcase name="Searching for books by author" classname="Book search in the library" time="0.088">
    <system-out><![CDATA[
Scenario: Searching for books by author                     &amp#27;[90m# com/example/book_search.feature:3&amp#27;[0m
  &amp#27;[32mGiven &amp#27;[0m&amp#27;[32mthe following books in the library:&amp#27;[0m                 &amp#27;[90m# com.example.BookSearchSteps.givenTheFollowingBooksInTheLibrary(io.cucumber.datatable.DataTable)&amp#27;[0m
    | title           | author       | published  |
    | "Java Basics"   | "John Doe"   | 2022-05-01 |
    | "Advanced Java" | "Jane Smith" | 2021-07-15 |
    | "Learning Java" | "John Doe"   | 2020-11-20 |
  &amp#27;[32mWhen &amp#27;[0m&amp#27;[32mthe customer searches for books by author &amp#27;[0m&amp#27;[32m&amp#27;[1m"John Doe"&amp#27;[0m &amp#27;[90m# com.example.BookSearchSteps.whenCustomerSearchesForBooksByAuthor(java.lang.String)&amp#27;[0m
  &amp#27;[32mThen &amp#27;[0m&amp#27;[32mthe library should return the following books:&amp#27;[0m       &amp#27;[90m# com.example.BookSearchSteps.thenLibraryShouldReturnTheFollowingBooks(io.cucumber.datatable.DataTable)&amp#27;[0m
    | title           | author     | published  |
    | "Java Basics"   | "John Doe" | 2022-05-01 |
    | "Learning Java" | "John Doe" | 2020-11-20 |
]]></system-out>
  </testcase>
  <testcase name="Searching for books published between two dates" classname="Book search in the library" time="0.008">
    <system-out><![CDATA[
Scenario: Searching for books published between two dates                          &amp#27;[90m# com/example/book_search.feature:15&amp#27;[0m
  &amp#27;[32mGiven &amp#27;[0m&amp#27;[32mthe following books in the library:&amp#27;[0m                                        &amp#27;[90m# com.example.BookSearchSteps.givenTheFollowingBooksInTheLibrary(io.cucumber.datatable.DataTable)&amp#27;[0m
    | title           | author       | published  |
    | "Java Basics"   | "John Doe"   | 2022-05-01 |
    | "Advanced Java" | "Jane Smith" | 2021-07-15 |
    | "Learning Java" | "John Doe"   | 2020-11-20 |
  &amp#27;[32mWhen &amp#27;[0m&amp#27;[32mthe customer searches for books published between &amp#27;[0m&amp#27;[32m&amp#27;[1m2020-01-01&amp#27;[0m&amp#27;[32m and &amp#27;[0m&amp#27;[32m&amp#27;[1m2022-01-01&amp#27;[0m &amp#27;[90m# com.example.BookSearchSteps.whenCustomerSearchesForBooksPublishedBetweenDates(java.util.Date,java.util.Date)&amp#27;[0m
  &amp#27;[32mThen &amp#27;[0m&amp#27;[32mthe library should return the following books:&amp#27;[0m                              &amp#27;[90m# com.example.BookSearchSteps.thenLibraryShouldReturnTheFollowingBooks(io.cucumber.datatable.DataTable)&amp#27;[0m
    | title           | author     | published  |
    | "Learning Java" | "John Doe" | 2020-11-20 |
]]></system-out>
  </testcase>
  <testcase name="Searching for books with no results" classname="Book search in the library" time="0.007">
    <system-out><![CDATA[
Scenario: Searching for books with no results                                      &amp#27;[90m# com/example/book_search.feature:26&amp#27;[0m
  &amp#27;[32mGiven &amp#27;[0m&amp#27;[32mthe following books in the library:&amp#27;[0m                                        &amp#27;[90m# com.example.BookSearchSteps.givenTheFollowingBooksInTheLibrary(io.cucumber.datatable.DataTable)&amp#27;[0m
    | title           | author       | published  |
    | "Java Basics"   | "John Doe"   | 2022-05-01 |
    | "Advanced Java" | "Jane Smith" | 2021-07-15 |
  &amp#27;[32mWhen &amp#27;[0m&amp#27;[32mthe customer searches for books published between &amp#27;[0m&amp#27;[32m&amp#27;[1m2019-01-01&amp#27;[0m&amp#27;[32m and &amp#27;[0m&amp#27;[32m&amp#27;[1m2019-12-31&amp#27;[0m &amp#27;[90m# com.example.BookSearchSteps.whenCustomerSearchesForBooksPublishedBetweenDates(java.util.Date,java.util.Date)&amp#27;[0m
  &amp#27;[32mThen &amp#27;[0m&amp#27;[32mthe library should return no books&amp#27;[0m                                          &amp#27;[90m# com.example.BookSearchSteps.thenLibraryShouldReturnNoBooks()&amp#27;[0m
]]></system-out>
  </testcase>
</testsuite>