<?xml version="1.0" encoding="UTF-8"?>
<testsuite xmlns:xsi="http://www.w3.org/2001/XMLSchema-instance" xsi:noNamespaceSchemaLocation="https://maven.apache.org/surefire/maven-surefire-plugin/xsd/surefire-test-report.xsd" version="3.0.2" name="com.example.CucumberTest" time="0.206" tests="9" errors="0" skipped="0" failures="0">
  <properties>
[...]
</properties>
  <testcase name="Addition" classname="Basic Arithmetic" time="0.074">
    <system-out><![CDATA[
@calc_sample
Scenario: Addition                    &amp#27;[90m# com/example/calculator_ops.feature:5&amp#27;[0m
  &amp#27;[32mGiven &amp#27;[0m&amp#27;[32ma calculator I just turned on&amp#27;[0m &amp#27;[90m# com.example.CalculatorSteps.setup()&amp#27;[0m
  &amp#27;[32mWhen &amp#27;[0m&amp#27;[32mI add &amp#27;[0m&amp#27;[32m&amp#27;[1m4&amp#27;[0m&amp#27;[32m and &amp#27;[0m&amp#27;[32m&amp#27;[1m7&amp#27;[0m                  &amp#27;[90m# com.example.CalculatorSteps.add(int,int)&amp#27;[0m
  &amp#27;[32mThen &amp#27;[0m&amp#27;[32mthe result is &amp#27;[0m&amp#27;[32m&amp#27;[1m11&amp#27;[0m               &amp#27;[90m# com.example.CalculatorSteps.the_result_is(double)&amp#27;[0m
]]></system-out>
  </testcase>
  <testcase name="Substraction" classname="Basic Arithmetic" time="0.005">
    <system-out><![CDATA[
@calc_sample
Scenario: Substraction                &amp#27;[90m# com/example/calculator_ops.feature:8&amp#27;[0m
  &amp#27;[32mGiven &amp#27;[0m&amp#27;[32ma calculator I just turned on&amp#27;[0m &amp#27;[90m# com.example.CalculatorSteps.setup()&amp#27;[0m
  &amp#27;[32mWhen &amp#27;[0m&amp#27;[32mI subtract &amp#27;[0m&amp#27;[32m&amp#27;[1m2&amp#27;[0m&amp#27;[32m to &amp#27;[0m&amp#27;[32m&amp#27;[1m7&amp#27;[0m              &amp#27;[90m# com.example.CalculatorSteps.substract(int,int)&amp#27;[0m
  &amp#27;[32mThen &amp#27;[0m&amp#27;[32mthe result is &amp#27;[0m&amp#27;[32m&amp#27;[1m5&amp#27;[0m                &amp#27;[90m# com.example.CalculatorSteps.the_result_is(double)&amp#27;[0m
]]></system-out>
  </testcase>
  <testcase name="Multiplication" classname="Basic Arithmetic" time="0.005">
    <system-out><![CDATA[
@calc_sample
Scenario: Multiplication              &amp#27;[90m# com/example/calculator_ops.feature:18&amp#27;[0m
  &amp#27;[32mGiven &amp#27;[0m&amp#27;[32ma calculator I just turned on&amp#27;[0m &amp#27;[90m# com.example.CalculatorSteps.setup()&amp#27;[0m
  &amp#27;[32mWhen &amp#27;[0m&amp#27;[32mI multiply &amp#27;[0m&amp#27;[32m&amp#27;[1m8&amp#27;[0m&amp#27;[32m by &amp#27;[0m&amp#27;[32m&amp#27;[1m3&amp#27;[0m              &amp#27;[90m# com.example.CalculatorSteps.multiplication(int,int)&amp#27;[0m
  &amp#27;[32mThen &amp#27;[0m&amp#27;[32mthe result is &amp#27;[0m&amp#27;[32m&amp#27;[1m24&amp#27;[0m               &amp#27;[90m# com.example.CalculatorSteps.the_result_is(double)&amp#27;[0m
]]></system-out>
  </testcase>
  <testcase name="Division" classname="Basic Arithmetic" time="0.005">
    <system-out><![CDATA[
@calc_sample
Scenario: Division                    &amp#27;[90m# com/example/calculator_ops.feature:21&amp#27;[0m
  &amp#27;[32mGiven &amp#27;[0m&amp#27;[32ma calculator I just turned on&amp#27;[0m &amp#27;[90m# com.example.CalculatorSteps.setup()&amp#27;[0m
  &amp#27;[32mWhen &amp#27;[0m&amp#27;[32mI divide &amp#27;[0m&amp#27;[32m&amp#27;[1m10&amp#27;[0m&amp#27;[32m by &amp#27;[0m&amp#27;[32m&amp#27;[1m2&amp#27;[0m               &amp#27;[90m# com.example.CalculatorSteps.division(int,int)&amp#27;[0m
  &amp#27;[32mThen &amp#27;[0m&amp#27;[32mthe result is &amp#27;[0m&amp#27;[32m&amp#27;[1m5&amp#27;[0m                &amp#27;[90m# com.example.CalculatorSteps.the_result_is(double)&amp#27;[0m
]]></system-out>
  </testcase>
  <testcase name="Invalid Operations" classname="Basic Arithmetic" time="0.006">
    <system-out><![CDATA[
@calc_sample
Scenario: Invalid Operations          &amp#27;[90m# com/example/calculator_ops.feature:31&amp#27;[0m
  &amp#27;[32mGiven &amp#27;[0m&amp#27;[32ma calculator I just turned on&amp#27;[0m &amp#27;[90m# com.example.CalculatorSteps.setup()&amp#27;[0m
  &amp#27;[32mWhen &amp#27;[0m&amp#27;[32mI divide &amp#27;[0m&amp#27;[32m&amp#27;[1m1&amp#27;[0m&amp#27;[32m by &amp#27;[0m&amp#27;[32m&amp#27;[1m0&amp#27;[0m                &amp#27;[90m# com.example.CalculatorSteps.division(int,int)&amp#27;[0m
  &amp#27;[32mThen &amp#27;[0m&amp#27;[32mthe result was an error&amp#27;[0m        &amp#27;[90m# com.example.CalculatorSteps.the_result_error()&amp#27;[0m
]]></system-out>
  </testcase>
  <testcase name="Example #1.1" classname="Single digits" time="0.007">
    <system-out><![CDATA[
@calc_sample
Scenario Outline: Several additions   &amp#27;[90m# com/example/calculator_ops.feature:16&amp#27;[0m
  &amp#27;[32mGiven &amp#27;[0m&amp#27;[32ma calculator I just turned on&amp#27;[0m &amp#27;[90m# com.example.CalculatorSteps.setup()&amp#27;[0m
  &amp#27;[32mWhen &amp#27;[0m&amp#27;[32mI add &amp#27;[0m&amp#27;[32m&amp#27;[1m1&amp#27;[0m&amp#27;[32m and &amp#27;[0m&amp#27;[32m&amp#27;[1m2&amp#27;[0m                  &amp#27;[90m# com.example.CalculatorSteps.add(int,int)&amp#27;[0m
  &amp#27;[32mThen &amp#27;[0m&amp#27;[32mthe result is &amp#27;[0m&amp#27;[32m&amp#27;[1m3&amp#27;[0m                &amp#27;[90m# com.example.CalculatorSteps.the_result_is(double)&amp#27;[0m
]]></system-out>
  </testcase>
  <testcase name="Example #1.2" classname="Single digits" time="0.007">
    <system-out><![CDATA[
@calc_sample
Scenario Outline: Several additions   &amp#27;[90m# com/example/calculator_ops.feature:17&amp#27;[0m
  &amp#27;[32mGiven &amp#27;[0m&amp#27;[32ma calculator I just turned on&amp#27;[0m &amp#27;[90m# com.example.CalculatorSteps.setup()&amp#27;[0m
  &amp#27;[32mWhen &amp#27;[0m&amp#27;[32mI add &amp#27;[0m&amp#27;[32m&amp#27;[1m3&amp#27;[0m&amp#27;[32m and &amp#27;[0m&amp#27;[32m&amp#27;[1m7&amp#27;[0m                  &amp#27;[90m# com.example.CalculatorSteps.add(int,int)&amp#27;[0m
  &amp#27;[32mThen &amp#27;[0m&amp#27;[32mthe result is &amp#27;[0m&amp#27;[32m&amp#27;[1m10&amp#27;[0m               &amp#27;[90m# com.example.CalculatorSteps.the_result_is(double)&amp#27;[0m
]]></system-out>
  </testcase>
  <testcase name="Example #1.1" classname="Operations" time="0.004">
    <system-out><![CDATA[
@calc_sample
Scenario Outline: Several divisions   &amp#27;[90m# com/example/calculator_ops.feature:29&amp#27;[0m
  &amp#27;[32mGiven &amp#27;[0m&amp#27;[32ma calculator I just turned on&amp#27;[0m &amp#27;[90m# com.example.CalculatorSteps.setup()&amp#27;[0m
  &amp#27;[32mWhen &amp#27;[0m&amp#27;[32mI divide &amp#27;[0m&amp#27;[32m&amp#27;[1m3&amp#27;[0m&amp#27;[32m by &amp#27;[0m&amp#27;[32m&amp#27;[1m4&amp#27;[0m                &amp#27;[90m# com.example.CalculatorSteps.division(int,int)&amp#27;[0m
  &amp#27;[32mThen &amp#27;[0m&amp#27;[32mthe result is &amp#27;[0m&amp#27;[32m&amp#27;[1m0.75&amp#27;[0m             &amp#27;[90m# com.example.CalculatorSteps.the_result_is(double)&amp#27;[0m
]]></system-out>
  </testcase>
  <testcase name="Example #1.2" classname="Operations" time="0.004">
    <system-out><![CDATA[
@calc_sample
Scenario Outline: Several divisions   &amp#27;[90m# com/example/calculator_ops.feature:30&amp#27;[0m
  &amp#27;[32mGiven &amp#27;[0m&amp#27;[32ma calculator I just turned on&amp#27;[0m &amp#27;[90m# com.example.CalculatorSteps.setup()&amp#27;[0m
  &amp#27;[32mWhen &amp#27;[0m&amp#27;[32mI divide &amp#27;[0m&amp#27;[32m&amp#27;[1m2&amp#27;[0m&amp#27;[32m by &amp#27;[0m&amp#27;[32m&amp#27;[1m10&amp#27;[0m               &amp#27;[90m# com.example.CalculatorSteps.division(int,int)&amp#27;[0m
  &amp#27;[32mThen &amp#27;[0m&amp#27;[32mthe result is &amp#27;[0m&amp#27;[32m&amp#27;[1m0.2&amp#27;[0m              &amp#27;[90m# com.example.CalculatorSteps.the_result_is(double)&amp#27;[0m
]]></system-out>
  </testcase>
</testsuite>